PhantomJS is launching GhostDriver...
[INFO  - 2013-05-04T01:20:49.536Z] GhostDriver - Main - running on port 52279
[INFO  - 2013-05-04T01:20:50.055Z] Session [db18e620-b458-11e2-84ef-57bbfaa19ff0] - CONSTRUCTOR - Desired Capabilities: {"platform":"ANY","browserName":"phantomjs","version":"","javascriptEnabled":true}
[INFO  - 2013-05-04T01:20:50.055Z] Session [db18e620-b458-11e2-84ef-57bbfaa19ff0] - CONSTRUCTOR - Negotiated Capabilities: {"browserName":"phantomjs","version":"1.9.0","driverName":"ghostdriver","driverVersion":"1.0.3","platform":"mac-10.7 (Lion)-32bit","javascriptEnabled":true,"takesScreenshot":true,"handlesAlerts":false,"databaseEnabled":false,"locationContextEnabled":false,"applicationCacheEnabled":false,"browserConnectionEnabled":false,"cssSelectorsEnabled":true,"webStorageEnabled":false,"rotatable":false,"acceptSslCerts":false,"nativeEvents":true,"proxy":{"proxyType":"direct"}}
[INFO  - 2013-05-04T01:20:50.055Z] SessionManagerReqHand - _postNewSessionCommand - New Session Created: db18e620-b458-11e2-84ef-57bbfaa19ff0
[ERROR - 2013-05-04T01:20:52.468Z] RouterReqHand - _handle - Thrown => {
  "message": "Request => {\"headers\":{\"Accept\":\"application/json\",\"Accept-Encoding\":\"identity\",\"Connection\":\"close\",\"Content-Length\":\"68\",\"Content-Type\":\"application/json;charset=UTF-8\",\"Host\":\"127.0.0.1:52279\",\"User-Agent\":\"Python-urllib/2.7\"},\"httpVersion\":\"1.1\",\"method\":\"POST\",\"post\":\"{\\\"text\\\": \\\"123\\\", \\\"sessionId\\\": \\\"db18e620-b458-11e2-84ef-57bbfaa19ff0\\\"}\",\"url\":\"/alert_text\",\"urlParsed\":{\"anchor\":\"\",\"query\":\"\",\"file\":\"alert_text\",\"directory\":\"/\",\"path\":\"/alert_text\",\"relative\":\"/alert_text\",\"port\":\"\",\"host\":\"\",\"password\":\"\",\"user\":\"\",\"userInfo\":\"\",\"authority\":\"\",\"protocol\":\"\",\"source\":\"/alert_text\",\"queryKey\":{},\"chunks\":[\"alert_text\"]},\"urlOriginal\":\"/session/db18e620-b458-11e2-84ef-57bbfaa19ff0/alert_text\"}",
  "name": "Invalid Command Method",
  "line": 183,
  "sourceId": 114977160,
  "sourceURL": ":/ghostdriver/request_handlers/session_request_handler.js",
  "stack": "Invalid Command Method: Request => {\"headers\":{\"Accept\":\"application/json\",\"Accept-Encoding\":\"identity\",\"Connection\":\"close\",\"Content-Length\":\"68\",\"Content-Type\":\"application/json;charset=UTF-8\",\"Host\":\"127.0.0.1:52279\",\"User-Agent\":\"Python-urllib/2.7\"},\"httpVersion\":\"1.1\",\"method\":\"POST\",\"post\":\"{\\\"text\\\": \\\"123\\\", \\\"sessionId\\\": \\\"db18e620-b458-11e2-84ef-57bbfaa19ff0\\\"}\",\"url\":\"/alert_text\",\"urlParsed\":{\"anchor\":\"\",\"query\":\"\",\"file\":\"alert_text\",\"directory\":\"/\",\"path\":\"/alert_text\",\"relative\":\"/alert_text\",\"port\":\"\",\"host\":\"\",\"password\":\"\",\"user\":\"\",\"userInfo\":\"\",\"authority\":\"\",\"protocol\":\"\",\"source\":\"/alert_text\",\"queryKey\":{},\"chunks\":[\"alert_text\"]},\"urlOriginal\":\"/session/db18e620-b458-11e2-84ef-57bbfaa19ff0/alert_text\"}\n    at :/ghostdriver/request_handlers/session_request_handler.js:183\n    at :/ghostdriver/request_handlers/request_handler.js:61\n    at :/ghostdriver/request_handlers/router_request_handler.js:82",
  "stackArray": [
    {
      "sourceURL": ":/ghostdriver/request_handlers/session_request_handler.js",
      "line": 183
    },
    {
      "sourceURL": ":/ghostdriver/request_handlers/request_handler.js",
      "line": 61
    },
    {
      "sourceURL": ":/ghostdriver/request_handlers/router_request_handler.js",
      "line": 82
    }
  ]
}
